<?xml version="1.0" encoding="UTF-8" ?>
<testsuite tests="6" failures="0" name="com.wf.captcha.CaptchaTest" time="0.003" errors="0" skipped="0">
  <properties>
[...]
</properties>
  <testcase classname="com.wf.captcha.CaptchaTest" name="testGIf" time="0.003"/>
  <testcase classname="com.wf.captcha.CaptchaTest" name="testHan" time="0"/>
  <testcase classname="com.wf.captcha.CaptchaTest" name="testArit" time="0"/>
  <testcase classname="com.wf.captcha.CaptchaTest" name="test" time="0"/>
  <testcase classname="com.wf.captcha.CaptchaTest" name="testBase64" time="0"/>
  <testcase classname="com.wf.captcha.CaptchaTest" name="testGifHan" time="0"/>
</testsuite>